0 info it worked if it ends with ok
1 verbose cli [ '/usr/local/bin/node',
1 verbose cli   '/usr/local/bin/npm',
1 verbose cli   'install',
1 verbose cli   'react-web-dom' ]
2 info using npm@4.1.2
3 info using node@v6.9.1
4 silly loadCurrentTree Starting
5 silly install loadCurrentTree
6 silly install readLocalPackageData
7 silly fetchPackageMetaData react-web-dom
8 silly fetchNamedPackageData react-web-dom
9 silly mapToRegistry name react-web-dom
10 silly mapToRegistry using default registry
11 silly mapToRegistry registry http://registry.npmjs.org/
12 silly mapToRegistry data Result {
12 silly mapToRegistry   raw: 'react-web-dom',
12 silly mapToRegistry   scope: null,
12 silly mapToRegistry   escapedName: 'react-web-dom',
12 silly mapToRegistry   name: 'react-web-dom',
12 silly mapToRegistry   rawSpec: '',
12 silly mapToRegistry   spec: 'latest',
12 silly mapToRegistry   type: 'tag' }
13 silly mapToRegistry uri http://registry.npmjs.org/react-web-dom
14 verbose request uri http://registry.npmjs.org/react-web-dom
15 verbose request no auth needed
16 info attempt registry request try #1 at 17:00:49
17 verbose request using bearer token for auth
18 verbose request id d415b04a2d2375d4
19 http request GET http://registry.npmjs.org/react-web-dom
20 http 200 http://registry.npmjs.org/react-web-dom
21 verbose headers { server: 'nginx/1.10.1',
21 verbose headers   'content-type': 'application/json',
21 verbose headers   'last-modified': 'Tue, 15 Aug 2017 08:48:36 GMT',
21 verbose headers   etag: 'W/"5992b564-710"',
21 verbose headers   'content-encoding': 'gzip',
21 verbose headers   'cache-control': 'max-age=300',
21 verbose headers   'transfer-encoding': 'chunked',
21 verbose headers   'accept-ranges': 'bytes',
21 verbose headers   date: 'Tue, 15 Aug 2017 09:00:51 GMT',
21 verbose headers   via: '1.1 varnish',
21 verbose headers   connection: 'keep-alive',
21 verbose headers   'x-served-by': 'cache-nrt6120-NRT',
21 verbose headers   'x-cache': 'MISS',
21 verbose headers   'x-cache-hits': '0',
21 verbose headers   'x-timer': 'S1502787651.069158,VS0,VE116',
21 verbose headers   vary: 'Accept-Encoding, Accept' }
22 silly get cb [ 200,
22 silly get   { server: 'nginx/1.10.1',
22 silly get     'content-type': 'application/json',
22 silly get     'last-modified': 'Tue, 15 Aug 2017 08:48:36 GMT',
22 silly get     etag: 'W/"5992b564-710"',
22 silly get     'content-encoding': 'gzip',
22 silly get     'cache-control': 'max-age=300',
22 silly get     'transfer-encoding': 'chunked',
22 silly get     'accept-ranges': 'bytes',
22 silly get     date: 'Tue, 15 Aug 2017 09:00:51 GMT',
22 silly get     via: '1.1 varnish',
22 silly get     connection: 'keep-alive',
22 silly get     'x-served-by': 'cache-nrt6120-NRT',
22 silly get     'x-cache': 'MISS',
22 silly get     'x-cache-hits': '0',
22 silly get     'x-timer': 'S1502787651.069158,VS0,VE116',
22 silly get     vary: 'Accept-Encoding, Accept' } ]
23 verbose get saving react-web-dom to /Users/lijie/.npm/registry.npmjs.org/react-web-dom/.cache.json
24 verbose correctMkdir /Users/lijie/.npm correctMkdir not in flight; initializing
25 silly install normalizeTree
26 silly loadCurrentTree Finishing
27 silly loadIdealTree Starting
28 silly install loadIdealTree
29 silly cloneCurrentTree Starting
30 silly install cloneCurrentTreeToIdealTree
31 silly cloneCurrentTree Finishing
32 silly loadShrinkwrap Starting
33 silly install loadShrinkwrap
34 silly loadShrinkwrap Finishing
35 silly loadAllDepsIntoIdealTree Starting
36 silly install loadAllDepsIntoIdealTree
37 silly rollbackFailedOptional Starting
38 silly rollbackFailedOptional Finishing
39 silly runTopLevelLifecycles Finishing
40 silly install printInstalled
41 verbose stack Error: Refusing to install package with name "react-web-dom" under a package
41 verbose stack also called "react-web-dom". Did you name your project the same
41 verbose stack as the dependency you're installing?
41 verbose stack
41 verbose stack For more information, see:
41 verbose stack     <https://docs.npmjs.com/cli/install#limitations-of-npms-install-algorithm>
41 verbose stack     at checkSelf (/usr/local/lib/node_modules/npm/lib/install/validate-args.js:53:14)
41 verbose stack     at Array.<anonymous> (/usr/local/lib/node_modules/npm/node_modules/slide/lib/bind-actor.js:15:8)
41 verbose stack     at LOOP (/usr/local/lib/node_modules/npm/node_modules/slide/lib/chain.js:15:14)
41 verbose stack     at chain (/usr/local/lib/node_modules/npm/node_modules/slide/lib/chain.js:20:5)
41 verbose stack     at /usr/local/lib/node_modules/npm/lib/install/validate-args.js:16:5
41 verbose stack     at /usr/local/lib/node_modules/npm/node_modules/slide/lib/async-map.js:52:35
41 verbose stack     at Array.forEach (native)
41 verbose stack     at /usr/local/lib/node_modules/npm/node_modules/slide/lib/async-map.js:52:11
41 verbose stack     at Array.forEach (native)
41 verbose stack     at asyncMap (/usr/local/lib/node_modules/npm/node_modules/slide/lib/async-map.js:51:8)
42 verbose cwd /Users/lijie/AppProject/myGithub/react-web-dom
43 error Darwin 16.6.0
44 error argv "/usr/local/bin/node" "/usr/local/bin/npm" "install" "react-web-dom"
45 error node v6.9.1
46 error npm  v4.1.2
47 error code ENOSELF
48 error Refusing to install package with name "react-web-dom" under a package
48 error also called "react-web-dom". Did you name your project the same
48 error as the dependency you're installing?
48 error
48 error For more information, see:
48 error     <https://docs.npmjs.com/cli/install#limitations-of-npms-install-algorithm>
49 error If you need help, you may report this error at:
49 error     <https://github.com/npm/npm/issues>
50 verbose exit [ 1, true ]
